<?xml version="1.0" encoding="UTF-8"?>
<testsuite xmlns:xsi="http://www.w3.org/2001/XMLSchema-instance" xsi:noNamespaceSchemaLocation="https://maven.apache.org/surefire/maven-surefire-plugin/xsd/surefire-test-report.xsd" name="com.AppTest" time="0.081" tests="1" errors="0" skipped="0" failures="0">
  <properties>
    <property name="sun.desktop" value="windows"/>
    <property name="awt.toolkit" value="sun.awt.windows.WToolkit"/>
    <property name="file.encoding.pkg" value="sun.io"/>
    <property name="java.specification.version" value="1.8"/>
    <property name="sun.cpu.isalist" value="pentium_pro+mmx pentium_pro pentium+mmx pentium i486 i386 i86"/>
    <property name="sun.jnu.encoding" value="GBK"/>
    <property name="java.class.path" value="c:\font_contract\Chain33_Dapp_develop\L13 web3j合约部署及读写\l13demo\target\test-classes;c:\font_contract\Chain33_Dapp_develop\L13 web3j合约部署及读写\l13demo\target\classes;C:\Users\86186\.m2\repository\junit\junit\4.11\junit-4.11.jar;C:\Users\86186\.m2\repository\org\hamcrest\hamcrest-core\1.3\hamcrest-core-1.3.jar;C:\Users\86186\.m2\repository\org\web3j\core\4.9.7\core-4.9.7.jar;C:\Users\86186\.m2\repository\org\web3j\abi\4.9.7\abi-4.9.7.jar;C:\Users\86186\.m2\repository\org\web3j\utils\4.9.7\utils-4.9.7.jar;C:\Users\86186\.m2\repository\org\bouncycastle\bcprov-jdk15on\1.70\bcprov-jdk15on-1.70.jar;C:\Users\86186\.m2\repository\org\web3j\crypto\4.9.7\crypto-4.9.7.jar;C:\Users\86186\.m2\repository\org\web3j\rlp\4.9.7\rlp-4.9.7.jar;C:\Users\86186\.m2\repository\org\web3j\tuples\4.9.7\tuples-4.9.7.jar;C:\Users\86186\.m2\repository\com\github\jnr\jnr-unixsocket\0.38.17\jnr-unixsocket-0.38.17.jar;C:\Users\86186\.m2\repository\com\github\jnr\jnr-ffi\2.2.11\jnr-ffi-2.2.11.jar;C:\Users\86186\.m2\repository\com\github\jnr\jffi\1.3.9\jffi-1.3.9.jar;C:\Users\86186\.m2\repository\com\github\jnr\jffi\1.3.9\jffi-1.3.9-native.jar;C:\Users\86186\.m2\repository\org\ow2\asm\asm\9.2\asm-9.2.jar;C:\Users\86186\.m2\repository\org\ow2\asm\asm-commons\9.2\asm-commons-9.2.jar;C:\Users\86186\.m2\repository\org\ow2\asm\asm-analysis\9.2\asm-analysis-9.2.jar;C:\Users\86186\.m2\repository\org\ow2\asm\asm-tree\9.2\asm-tree-9.2.jar;C:\Users\86186\.m2\repository\org\ow2\asm\asm-util\9.2\asm-util-9.2.jar;C:\Users\86186\.m2\repository\com\github\jnr\jnr-a64asm\1.0.0\jnr-a64asm-1.0.0.jar;C:\Users\86186\.m2\repository\com\github\jnr\jnr-x86asm\1.0.2\jnr-x86asm-1.0.2.jar;C:\Users\86186\.m2\repository\com\github\jnr\jnr-constants\0.10.3\jnr-constants-0.10.3.jar;C:\Users\86186\.m2\repository\com\github\jnr\jnr-enxio\0.32.13\jnr-enxio-0.32.13.jar;C:\Users\86186\.m2\repository\com\github\jnr\jnr-posix\3.1.15\jnr-posix-3.1.15.jar;C:\Users\86186\.m2\repository\com\squareup\okhttp3\okhttp\4.9.0\okhttp-4.9.0.jar;C:\Users\86186\.m2\repository\com\squareup\okio\okio\2.8.0\okio-2.8.0.jar;C:\Users\86186\.m2\repository\org\jetbrains\kotlin\kotlin-stdlib-common\1.4.0\kotlin-stdlib-common-1.4.0.jar;C:\Users\86186\.m2\repository\org\jetbrains\kotlin\kotlin-stdlib\1.4.10\kotlin-stdlib-1.4.10.jar;C:\Users\86186\.m2\repository\org\jetbrains\annotations\13.0\annotations-13.0.jar;C:\Users\86186\.m2\repository\com\squareup\okhttp3\logging-interceptor\4.9.0\logging-interceptor-4.9.0.jar;C:\Users\86186\.m2\repository\org\jetbrains\kotlin\kotlin-stdlib-jdk8\1.4.10\kotlin-stdlib-jdk8-1.4.10.jar;C:\Users\86186\.m2\repository\org\jetbrains\kotlin\kotlin-stdlib-jdk7\1.4.10\kotlin-stdlib-jdk7-1.4.10.jar;C:\Users\86186\.m2\repository\io\reactivex\rxjava2\rxjava\2.2.2\rxjava-2.2.2.jar;C:\Users\86186\.m2\repository\org\reactivestreams\reactive-streams\1.0.2\reactive-streams-1.0.2.jar;C:\Users\86186\.m2\repository\org\java-websocket\Java-WebSocket\1.5.3\Java-WebSocket-1.5.3.jar;C:\Users\86186\.m2\repository\com\fasterxml\jackson\core\jackson-databind\2.14.2\jackson-databind-2.14.2.jar;C:\Users\86186\.m2\repository\com\fasterxml\jackson\core\jackson-annotations\2.14.2\jackson-annotations-2.14.2.jar;C:\Users\86186\.m2\repository\com\fasterxml\jackson\core\jackson-core\2.14.2\jackson-core-2.14.2.jar;C:\Users\86186\.m2\repository\org\slf4j\slf4j-api\1.7.30\slf4j-api-1.7.30.jar;C:\Users\86186\.m2\repository\com\google\code\gson\gson\2.9.0\gson-2.9.0.jar;"/>
    <property name="java.vm.vendor" value="Oracle Corporation"/>
    <property name="sun.arch.data.model" value="32"/>
    <property name="user.variant" value=""/>
    <property name="java.vendor.url" value="http://java.oracle.com/"/>
    <property name="user.timezone" value="Asia/Shanghai"/>
    <property name="java.vm.specification.version" value="1.8"/>
    <property name="os.name" value="Windows 10"/>
    <property name="user.country" value="CN"/>
    <property name="sun.java.launcher" value="SUN_STANDARD"/>
    <property name="sun.boot.library.path" value="C:\Java\jdk1.8.0_151\jre\bin"/>
    <property name="sun.java.command" value="C:\Users\86186\AppData\Local\Temp\surefire630722750693074507\surefirebooter6805253852011194025.jar C:\Users\86186\AppData\Local\Temp\surefire630722750693074507 2023-03-30T18-27-13_275-jvmRun1 surefire8101581527277816844tmp surefire_04687926684805766081tmp"/>
    <property name="surefire.test.class.path" value="c:\font_contract\Chain33_Dapp_develop\L13 web3j合约部署及读写\l13demo\target\test-classes;c:\font_contract\Chain33_Dapp_develop\L13 web3j合约部署及读写\l13demo\target\classes;C:\Users\86186\.m2\repository\junit\junit\4.11\junit-4.11.jar;C:\Users\86186\.m2\repository\org\hamcrest\hamcrest-core\1.3\hamcrest-core-1.3.jar;C:\Users\86186\.m2\repository\org\web3j\core\4.9.7\core-4.9.7.jar;C:\Users\86186\.m2\repository\org\web3j\abi\4.9.7\abi-4.9.7.jar;C:\Users\86186\.m2\repository\org\web3j\utils\4.9.7\utils-4.9.7.jar;C:\Users\86186\.m2\repository\org\bouncycastle\bcprov-jdk15on\1.70\bcprov-jdk15on-1.70.jar;C:\Users\86186\.m2\repository\org\web3j\crypto\4.9.7\crypto-4.9.7.jar;C:\Users\86186\.m2\repository\org\web3j\rlp\4.9.7\rlp-4.9.7.jar;C:\Users\86186\.m2\repository\org\web3j\tuples\4.9.7\tuples-4.9.7.jar;C:\Users\86186\.m2\repository\com\github\jnr\jnr-unixsocket\0.38.17\jnr-unixsocket-0.38.17.jar;C:\Users\86186\.m2\repository\com\github\jnr\jnr-ffi\2.2.11\jnr-ffi-2.2.11.jar;C:\Users\86186\.m2\repository\com\github\jnr\jffi\1.3.9\jffi-1.3.9.jar;C:\Users\86186\.m2\repository\com\github\jnr\jffi\1.3.9\jffi-1.3.9-native.jar;C:\Users\86186\.m2\repository\org\ow2\asm\asm\9.2\asm-9.2.jar;C:\Users\86186\.m2\repository\org\ow2\asm\asm-commons\9.2\asm-commons-9.2.jar;C:\Users\86186\.m2\repository\org\ow2\asm\asm-analysis\9.2\asm-analysis-9.2.jar;C:\Users\86186\.m2\repository\org\ow2\asm\asm-tree\9.2\asm-tree-9.2.jar;C:\Users\86186\.m2\repository\org\ow2\asm\asm-util\9.2\asm-util-9.2.jar;C:\Users\86186\.m2\repository\com\github\jnr\jnr-a64asm\1.0.0\jnr-a64asm-1.0.0.jar;C:\Users\86186\.m2\repository\com\github\jnr\jnr-x86asm\1.0.2\jnr-x86asm-1.0.2.jar;C:\Users\86186\.m2\repository\com\github\jnr\jnr-constants\0.10.3\jnr-constants-0.10.3.jar;C:\Users\86186\.m2\repository\com\github\jnr\jnr-enxio\0.32.13\jnr-enxio-0.32.13.jar;C:\Users\86186\.m2\repository\com\github\jnr\jnr-posix\3.1.15\jnr-posix-3.1.15.jar;C:\Users\86186\.m2\repository\com\squareup\okhttp3\okhttp\4.9.0\okhttp-4.9.0.jar;C:\Users\86186\.m2\repository\com\squareup\okio\okio\2.8.0\okio-2.8.0.jar;C:\Users\86186\.m2\repository\org\jetbrains\kotlin\kotlin-stdlib-common\1.4.0\kotlin-stdlib-common-1.4.0.jar;C:\Users\86186\.m2\repository\org\jetbrains\kotlin\kotlin-stdlib\1.4.10\kotlin-stdlib-1.4.10.jar;C:\Users\86186\.m2\repository\org\jetbrains\annotations\13.0\annotations-13.0.jar;C:\Users\86186\.m2\repository\com\squareup\okhttp3\logging-interceptor\4.9.0\logging-interceptor-4.9.0.jar;C:\Users\86186\.m2\repository\org\jetbrains\kotlin\kotlin-stdlib-jdk8\1.4.10\kotlin-stdlib-jdk8-1.4.10.jar;C:\Users\86186\.m2\repository\org\jetbrains\kotlin\kotlin-stdlib-jdk7\1.4.10\kotlin-stdlib-jdk7-1.4.10.jar;C:\Users\86186\.m2\repository\io\reactivex\rxjava2\rxjava\2.2.2\rxjava-2.2.2.jar;C:\Users\86186\.m2\repository\org\reactivestreams\reactive-streams\1.0.2\reactive-streams-1.0.2.jar;C:\Users\86186\.m2\repository\org\java-websocket\Java-WebSocket\1.5.3\Java-WebSocket-1.5.3.jar;C:\Users\86186\.m2\repository\com\fasterxml\jackson\core\jackson-databind\2.14.2\jackson-databind-2.14.2.jar;C:\Users\86186\.m2\repository\com\fasterxml\jackson\core\jackson-annotations\2.14.2\jackson-annotations-2.14.2.jar;C:\Users\86186\.m2\repository\com\fasterxml\jackson\core\jackson-core\2.14.2\jackson-core-2.14.2.jar;C:\Users\86186\.m2\repository\org\slf4j\slf4j-api\1.7.30\slf4j-api-1.7.30.jar;C:\Users\86186\.m2\repository\com\google\code\gson\gson\2.9.0\gson-2.9.0.jar;"/>
    <property name="sun.cpu.endian" value="little"/>
    <property name="user.home" value="C:\Users\86186"/>
    <property name="user.language" value="zh"/>
    <property name="java.specification.vendor" value="Oracle Corporation"/>
    <property name="java.home" value="C:\Java\jdk1.8.0_151\jre"/>
    <property name="basedir" value="c:\font_contract\Chain33_Dapp_develop\L13 web3j合约部署及读写\l13demo"/>
    <property name="file.separator" value="\"/>
    <property name="line.separator" value="&#10;"/>
    <property name="java.vm.specification.vendor" value="Oracle Corporation"/>
    <property name="java.specification.name" value="Java Platform API Specification"/>
    <property name="java.awt.graphicsenv" value="sun.awt.Win32GraphicsEnvironment"/>
    <property name="surefire.real.class.path" value="C:\Users\86186\AppData\Local\Temp\surefire630722750693074507\surefirebooter6805253852011194025.jar"/>
    <property name="sun.boot.class.path" value="C:\Java\jdk1.8.0_151\jre\lib\resources.jar;C:\Java\jdk1.8.0_151\jre\lib\rt.jar;C:\Java\jdk1.8.0_151\jre\lib\sunrsasign.jar;C:\Java\jdk1.8.0_151\jre\lib\jsse.jar;C:\Java\jdk1.8.0_151\jre\lib\jce.jar;C:\Java\jdk1.8.0_151\jre\lib\charsets.jar;C:\Java\jdk1.8.0_151\jre\lib\jfr.jar;C:\Java\jdk1.8.0_151\jre\classes"/>
    <property name="user.script" value=""/>
    <property name="sun.management.compiler" value="HotSpot Client Compiler"/>
    <property name="java.runtime.version" value="1.8.0_151-b12"/>
    <property name="user.name" value="86186"/>
    <property name="path.separator" value=";"/>
    <property name="os.version" value="10.0"/>
    <property name="java.endorsed.dirs" value="C:\Java\jdk1.8.0_151\jre\lib\endorsed"/>
    <property name="java.runtime.name" value="Java(TM) SE Runtime Environment"/>
    <property name="file.encoding" value="GBK"/>
    <property name="java.vm.name" value="Java HotSpot(TM) Client VM"/>
    <property name="localRepository" value="C:\Users\86186\.m2\repository"/>
    <property name="java.vendor.url.bug" value="http://bugreport.sun.com/bugreport/"/>
    <property name="java.io.tmpdir" value="C:\Users\86186\AppData\Local\Temp\"/>
    <property name="java.version" value="1.8.0_151"/>
    <property name="user.dir" value="c:\font_contract\Chain33_Dapp_develop\L13 web3j合约部署及读写\l13demo"/>
    <property name="os.arch" value="x86"/>
    <property name="java.vm.specification.name" value="Java Virtual Machine Specification"/>
    <property name="java.awt.printerjob" value="sun.awt.windows.WPrinterJob"/>
    <property name="sun.os.patch.level" value=""/>
    <property name="java.library.path" value="C:\Java\jdk1.8.0_151\jre\bin;C:\WINDOWS\Sun\Java\bin;C:\WINDOWS\system32;C:\WINDOWS;C:\WINDOWS\system32;C:\WINDOWS;C:\WINDOWS\System32\Wbem;C:\WINDOWS\System32\WindowsPowerShell\v1.0\;C:\WINDOWS\System32\OpenSSH\;C:\Java\jdk1.8.0_151\bin;C:\Go\bin;C:\Program Files\Git\cmd;C:\apache-maven-3.8.1\bin;C:\Users\86186\.web3j\solc\0.8.4\solc.exe;C:\Program Files\nodejs\;C:\Python27;C:\mingw64\bin;C:\Program Files\dotnet\;C:\Users\86186\AppData\Local\Microsoft\WindowsApps;C:\Users\86186\AppData\Roaming\npm;C:\Program Files\JetBrains\GoLand 2022.1.3\bin;C:\Users\86186\AppData\Local\Programs\Microsoft VS Code\bin;C:\Users\86186\.dotnet\tools;."/>
    <property name="java.vm.info" value="mixed mode, sharing"/>
    <property name="java.vendor" value="Oracle Corporation"/>
    <property name="java.vm.version" value="25.151-b12"/>
    <property name="java.ext.dirs" value="C:\Java\jdk1.8.0_151\jre\lib\ext;C:\WINDOWS\Sun\Java\lib\ext"/>
    <property name="sun.io.unicode.encoding" value="UnicodeLittle"/>
    <property name="java.class.version" value="52.0"/>
  </properties>
  <testcase name="shouldAnswerWithTrue" classname="com.AppTest" time="0.002"/>
</testsuite>